[2025-03-25T08:55:43.218Z] Server is running on http://localhost:3000
[2025-03-25T08:55:50.026Z] Received query: How do I register a domain?
[2025-03-25T08:55:52.413Z] Checking domain availability for: www.sweets32123123.com
[2025-03-25T08:55:52.413Z] Request URL: https://api.connectreseller.com/ConnectReseller/ESHOP/checkdomainavailable?APIKey=6HviT7QU1YAAYqp&websiteName=www.sweets32123123.com
[2025-03-25T08:55:53.265Z] API Response: {
  "responseMsg": {
    "message": "Domain Not Available for Registration",
    "id": 0,
    "reason": null,
    "statusCode": 400
  },
  "responseData": null
}
[2025-03-25T08:55:53.265Z] Domain Availability: false
[2025-03-25T08:55:53.265Z] Registration Fee: null
[2025-03-25T08:55:53.266Z] 🟢 [CHECK DOMAIN] Backend Response: {
  "available": false,
  "message": "Domain Not Available for Registration",
  "registrationFee": null
}
