GET / 304 9ms
GET /styles.css 304 6ms
GET /script.js 304 6ms
POST /api/mock-authenticate 200 18ms
POST /api/domain-queries 200 6ms
POST /api/domain-queries 200 12ms
GET / 304 6ms
GET /styles.css 304 3ms
GET /script.js 304 2ms
POST /api/mock-authenticate 200 18ms
POST /api/domain-queries 200 11ms
POST /api/domain-queries 200 10ms
GET /api/check-domain?domain=www.sweets434343.com 200 970ms
GET /api/domainname-suggestions?domain=sweets434343.com 200 688ms
POST /api/domain-queries 200 3ms
POST /ask-question 200 2ms
POST /api/domain-queries 200 4ms
POST /api/domain-queries 200 4ms
POST /api/domain-queries 200 4ms
POST /ask-question 200 6ms
POST /api/domain-queries 200 2ms
POST /api/domain-queries 200 3ms
GET / 304 1ms
GET /styles.css 304 1ms
GET /script.js 304 0ms
GET / 304 1ms
GET /styles.css 304 0ms
GET /script.js 304 2ms
POST /api/mock-authenticate 200 1ms
GET /api/domain-info?domain=sweets321.com 304 877ms
GET / 304 0ms
GET /styles.css 304 1ms
GET /script.js 304 1ms
POST /api/check-email 200 3978ms
GET / 304 0ms
GET /styles.css 304 1ms
GET /script.js 200 3ms
POST /api/mock-authenticate 200 3ms
GET / 304 0ms
GET /styles.css 304 1ms
GET /script.js 200 2ms
POST /api/mock-authenticate 200 2ms
GET / 304 2ms
GET /styles.css 304 0ms
GET /script.js 200 3ms
POST /api/mock-authenticate 200 2ms
POST /api/domain-queries 200 5ms
POST /api/domain-queries 200 2ms
POST /ask-question 200 1ms
POST /api/domain-queries 200 6ms
GET / 304 0ms
GET /styles.css 304 1ms
GET /script.js 200 2ms
GET / 304 0ms
GET /styles.css 304 0ms
GET /script.js 304 1ms
GET / 304 1ms
GET /styles.css 304 1ms
GET /script.js 304 1ms
GET / 304 1ms
GET /styles.css 304 1ms
GET /script.js 304 1ms
POST /api/mock-authenticate 200 2ms
POST /api/domain-queries 200 4ms
POST /api/domain-queries 200 3ms
POST /ask-question 200 3ms
POST /api/domain-queries 200 2ms
GET / 304 1ms
GET /styles.css 304 0ms
GET /script.js 200 4ms
GET / 304 1ms
GET /styles.css 304 0ms
GET /script.js 304 1ms
GET / 304 1ms
GET /styles.css 304 0ms
GET /script.js 304 1ms
GET / 304 0ms
GET /styles.css 304 1ms
GET /script.js 304 1ms
POST /api/mock-authenticate 200 1ms
POST /api/domain-queries 200 4ms
POST /ask-question 200 2ms
POST /ask-question 200 3ms
GET / 304 1ms
GET /styles.css 304 1ms
GET /script.js 200 2ms
POST /api/mock-authenticate 200 1ms
POST /api/domain-queries 200 2ms
POST /api/domain-queries 200 2ms
POST /ask-question 200 1ms
GET /styles.css 304 0ms
GET / 304 1ms
GET /styles.css 304 0ms
GET /script.js 200 2ms
POST /api/mock-authenticate 200 2ms
POST /api/domain-queries 200 3ms
POST /ask-question 200 2ms
POST /api/domain-queries 200 1ms
GET / 304 1ms
GET /styles.css 304 1ms
GET /script.js 200 2ms
POST /api/mock-authenticate 200 1ms
POST /api/domain-queries 200 4ms
POST /api/domain-queries 200 3ms
POST /ask-question 200 1ms
GET / 304 1ms
GET /styles.css 304 0ms
GET /script.js 200 2ms
GET / 304 0ms
GET /styles.css 304 1ms
GET /script.js 200 2ms
GET / 304 1ms
GET /styles.css 304 0ms
GET /script.js 304 0ms
GET / 304 1ms
GET /styles.css 304 1ms
GET /script.js 304 1ms
POST /api/mock-authenticate 200 2ms
POST /api/domain-queries 200 4ms
POST /api/domain-queries 200 2ms
POST /ask-question 200 1ms
GET / 304 1ms
GET /styles.css 304 1ms
GET /script.js 200 1ms
GET / 304 1ms
GET /styles.css 304 1ms
GET /script.js 304 1ms
GET / 304 1ms
GET /styles.css 304 1ms
GET /script.js 304 4ms
POST /api/mock-authenticate 200 1ms
POST /api/domain-queries 200 3ms
POST /api/domain-queries 200 3ms
POST /ask-question 200 11ms
GET / 304 0ms
GET /styles.css 304 1ms
GET /script.js 200 1ms
POST /api/mock-authenticate 200 2ms
POST /api/domain-queries 200 7ms
POST /ask-question 200 2ms
POST /api/domain-queries 200 1ms
GET / 304 1ms
GET /styles.css 304 1ms
GET /script.js 200 1ms
POST /api/mock-authenticate 200 2ms
POST /api/domain-queries 200 8ms
POST /ask-question 200 2ms
POST /api/domain-queries 400 3005ms
GET / 304 10ms
GET /styles.css 304 1ms
GET /script.js 200 2ms
GET / 304 1ms
GET /styles.css 304 1ms
GET /script.js 304 1ms
POST /api/mock-authenticate 200 1ms
POST /api/domain-queries 200 3ms
POST /ask-question 200 1ms
GET / 304 1ms
GET /styles.css 304 1ms
GET /script.js 304 0ms
POST /api/mock-authenticate 200 2ms
POST /api/domain-queries 200 2ms
POST /ask-question 200 2ms
GET / 304 0ms
GET /styles.css 304 0ms
GET /script.js 304 1ms
POST /api/mock-authenticate 200 2ms
POST /api/domain-queries 200 5ms
POST /api/domain-queries 200 3ms
POST /api/domain-queries 200 1ms
POST /ask-question 200 2ms
POST /api/domain-queries 200 3ms
POST /api/domain-queries 200 4ms
GET / 304 1ms
GET /styles.css 304 0ms
GET /script.js 304 0ms
POST /api/mock-authenticate 200 2ms
POST /api/domain-queries 200 2ms
POST /api/domain-queries 200 3ms
POST /api/domain-queries 200 3ms
POST /ask-question 200 1ms
GET / 304 1ms
GET /styles.css 304 1ms
GET /script.js 304 1ms
POST /api/mock-authenticate 200 5ms
POST /api/domain-queries 200 5ms
POST /api/domain-queries 200 3ms
POST /api/domain-queries 200 8ms
POST /ask-question 200 2ms
GET / 304 1ms
GET /styles.css 304 0ms
GET /script.js 200 2ms
POST /api/mock-authenticate 200 2ms
GET / 304 1ms
GET /styles.css 304 1ms
GET /script.js 200 2ms
POST /api/mock-authenticate 200 1ms
POST /api/domain-queries 200 3ms
POST /api/domain-queries 200 4ms
POST /api/domain-queries 200 3ms
POST /api/domain-queries 200 3ms
GET / 304 0ms
GET /styles.css 304 1ms
GET /script.js 304 2ms
POST /api/mock-authenticate 200 2ms
POST /api/domain-queries 200 3ms
POST /api/domain-queries 200 2ms
POST /api/domain-queries 200 1ms
POST /api/domain-queries 200 10ms
POST /api/domain-queries 200 4ms
POST /api/domain-queries 200 4ms
POST /api/domain-queries 200 7ms
GET / 304 1ms
GET /styles.css 304 1ms
GET /script.js 304 0ms
POST /api/mock-authenticate 200 3ms
POST /api/domain-queries 200 2ms
POST /api/domain-queries 200 1ms
GET /api/balance 304 1602ms
POST /api/domain-queries 200 3ms
POST /api/domain-queries 200 3ms
GET /api/check-domain?domain=www.abc.com 200 928ms
GET /api/domainname-suggestions?domain=abc.com 200 999ms
GET / 304 1ms
GET /styles.css 304 1ms
GET /script.js 200 2ms
POST /api/mock-authenticate 200 2ms
POST /api/domain-queries 200 4ms
GET / 304 0ms
GET /styles.css 304 0ms
GET /script.js 304 1ms
POST /api/mock-authenticate 200 3ms
GET /api/check-domain?domain=www.abc.com 304 843ms
GET /api/domainname-suggestions?domain=abc.com 200 877ms
GET /styles.css 304 0ms
POST /api/domain-queries 200 3ms
GET /api/balance 304 1222ms
POST /api/domain-queries 200 3ms
POST /api/domain-queries 200 6ms
POST /api/domain-queries 200 3ms
POST /api/domain-queries 200 2ms
POST /api/domain-queries 200 3ms
POST /api/domain-queries 200 1ms
POST /api/domain-queries 200 3ms
GET / 304 0ms
GET /styles.css 304 2ms
GET /script.js 200 3ms
POST /ask-question 200 3ms
GET / 304 1ms
GET /styles.css 304 1ms
GET /script.js 200 2ms
POST /ask-question 200 3ms
POST /api/mock-authenticate 200 1ms
POST /api/domain-queries 200 2ms
GET / 304 1ms
GET /styles.css 304 0ms
GET /script.js 200 1ms
POST /api/mock-authenticate 200 3ms
POST /api/domain-queries 200 1ms
POST /api/domain-queries 200 7ms
POST /api/domain-queries 200 4ms
POST /api/domain-queries 200 3ms
POST /api/domain-queries 200 2ms
POST /api/domain-queries 400 3004ms
POST /api/domain-queries 400 3006ms
GET / 304 1ms
GET /styles.css 304 0ms
GET /script.js 200 1ms
POST /api/mock-authenticate 200 1ms
POST /api/domain-queries 400 3004ms
POST /api/domain-queries 200 9837ms
GET /api/domain-info?domain=sweets321.com 304 1058ms
POST /api/domain-queries 400 3005ms
GET /api/domain-info?domain=sweets321.com 304 611ms
GET /api/domain-info?domain=sweets21.com 200 659ms
GET /api/balance 304 1249ms
POST /api/domain-queries 400 3004ms
GET /api/balance 304 1231ms
GET /api/balance 304 974ms
GET /api/balance 304 992ms
POST /api/domain-queries 200 3ms
GET / 304 1ms
GET /styles.css 304 0ms
GET /script.js 200 3ms
POST /api/mock-authenticate 200 2ms
POST /api/domain-queries 200 8ms
GET / 304 1ms
GET /styles.css 304 0ms
GET /script.js 200 1ms
POST /api/mock-authenticate 200 2ms
POST /api/domain-queries 200 8ms
GET / 304 0ms
GET /styles.css 304 1ms
GET /script.js 304 0ms
POST /api/mock-authenticate 200 2ms
POST /api/domain-queries 200 4ms
POST /api/domain-queries 200 4ms
GET / 304 0ms
GET /styles.css 304 1ms
GET /script.js 304 1ms
POST /api/mock-authenticate 200 2ms
GET /api/balance 304 1220ms
POST /api/domain-queries 200 3ms
POST /api/domain-queries 200 3ms
GET / 304 0ms
GET /styles.css 304 1ms
GET /script.js 200 8ms
POST /api/mock-authenticate 200 1ms
POST /api/domain-queries 200 3ms
GET / 304 2ms
GET /styles.css 304 1ms
GET /script.js 200 1ms
POST /api/mock-authenticate 200 1ms
POST /api/domain-queries 200 3ms
GET / 304 3ms
GET /styles.css 304 0ms
GET /script.js 200 1ms
POST /api/mock-authenticate 200 3ms
POST /api/domain-queries 200 5ms
GET / 304 0ms
GET /styles.css 304 2ms
GET /script.js 200 2ms
POST /api/mock-authenticate 200 2ms
POST /api/domain-queries 200 14ms
GET / 304 1ms
GET /styles.css 304 1ms
GET /script.js 200 1ms
POST /api/mock-authenticate 200 1ms
POST /api/domain-queries 200 4ms
GET / 304 1ms
GET /styles.css 304 1ms
GET /script.js 200 1ms
POST /api/mock-authenticate 200 2ms
POST /api/domain-queries 200 3ms
POST /api/domain-queries 200 6ms
GET / 304 0ms
GET /styles.css 304 0ms
GET /script.js 200 3ms
POST /api/mock-authenticate 200 2ms
POST /api/domain-queries 200 3ms
POST /api/domain-queries 200 6ms
POST /api/domain-queries 200 3ms
POST /api/domain-queries 200 1ms
GET / 304 0ms
GET /styles.css 304 1ms
GET /script.js 200 9ms
POST /api/mock-authenticate 200 1ms
POST /api/domain-queries 200 2ms
POST /api/domain-queries 200 4ms
GET / 304 0ms
GET /styles.css 304 1ms
GET /script.js 200 2ms
POST /api/mock-authenticate 200 4ms
GET / 304 0ms
GET /styles.css 304 1ms
GET /script.js 200 4ms
POST /api/mock-authenticate 200 3ms
POST /api/domain-queries 400 3004ms
POST /api/domain-queries 400 3003ms
GET / 304 1ms
GET /styles.css 304 0ms
GET /script.js 200 1ms
GET / 304 0ms
GET /styles.css 304 0ms
GET /script.js 304 1ms
POST /api/mock-authenticate 200 2ms
GET / 304 0ms
GET /styles.css 304 1ms
GET /script.js 200 2ms
POST /api/mock-authenticate 200 1ms
POST /api/domain-queries 200 11ms
GET / 304 0ms
GET /styles.css 304 0ms
GET /script.js 200 8ms
POST /api/mock-authenticate 200 3ms
GET / 304 0ms
GET /styles.css 304 1ms
GET /script.js 200 2ms
POST /api/mock-authenticate 200 1ms
GET / 304 0ms
GET /styles.css 304 0ms
GET /script.js 200 2ms
GET / 304 1ms
GET /styles.css 304 1ms
GET /script.js 304 0ms
POST /api/mock-authenticate 200 2ms
GET / 304 1ms
GET /styles.css 304 1ms
GET /script.js 200 2ms
POST /api/mock-authenticate 200 1ms
POST /api/domain-queries 400 3004ms
GET / 304 1ms
GET /styles.css 304 0ms
GET /script.js 200 3ms
POST /api/mock-authenticate 200 2ms
POST /api/domain-queries 200 1ms
GET / 304 1ms
GET /styles.css 304 0ms
GET /script.js 200 2ms
GET / 304 0ms
GET /styles.css 304 1ms
GET /script.js 304 1ms
POST /api/mock-authenticate 200 1ms
GET / 304 1ms
GET /styles.css 304 1ms
GET /script.js 200 1ms
GET / 304 1ms
GET /styles.css 304 2ms
GET /script.js 304 1ms
POST /api/mock-authenticate 200 1ms
POST /api/domain-queries 200 11ms
GET / 304 1ms
GET /styles.css 304 0ms
GET /script.js 200 2ms
POST /api/mock-authenticate 200 3ms
POST /api/domain-queries 200 13ms
GET / 304 0ms
GET /styles.css 304 2ms
GET /script.js 304 1ms
POST /api/mock-authenticate 200 2ms
POST /api/domain-queries 200 4ms
POST /api/domain-queries 200 6ms
GET / 304 1ms
GET /styles.css 304 0ms
GET /script.js 200 1ms
POST /api/mock-authenticate 200 1ms
POST /api/domain-queries 200 5ms
POST /api/domain-queries 200 8ms
POST /api/domain-queries 200 4ms
GET / 304 0ms
GET /styles.css 304 2ms
GET /script.js 200 2ms
POST /api/mock-authenticate 200 1ms
POST /api/domain-queries 200 8ms
GET / 304 1ms
GET /styles.css 304 0ms
GET /script.js 200 1ms
POST /api/mock-authenticate 200 2ms
POST /api/domain-queries 200 4ms
POST /api/domain-queries 400 3004ms
POST /api/domain-queries 200 2ms
POST /api/domain-queries 200 3ms
GET / 304 0ms
GET /styles.css 304 1ms
GET /script.js 200 4ms
GET / 304 1ms
GET /styles.css 304 0ms
GET /script.js 304 1ms
POST /api/mock-authenticate 200 2ms
POST /api/domain-queries 200 8ms
POST /api/domain-queries 200 1ms
GET / 304 0ms
GET /styles.css 304 2ms
GET /script.js 200 5ms
POST /api/mock-authenticate 200 1ms
POST /api/domain-queries 200 7ms
POST /api/domain-queries 200 6ms
POST /api/domain-queries 200 10163ms
POST /api/domain-queries 200 4719ms
POST /api/domain-queries 200 2ms
POST /api/domain-queries 200 1044ms
POST /api/domain-queries 200 1004ms
POST /api/domain-queries 200 1882ms
